Determining if the Q_WS_WIN exist failed with the following output:
Change Dir: /home/gpeiffert/Desktop/CGoGN-master/build/CMakeFiles/CMakeTmp

Run Build Command:/usr/bin/make "cmTryCompileExec3333367542/fast"
/usr/bin/make -f CMakeFiles/cmTryCompileExec3333367542.dir/build.make CMakeFiles/cmTryCompileExec3333367542.dir/build
make[1]: Entering directory `/home/gpeiffert/Desktop/CGoGN-master/build/CMakeFiles/CMakeTmp'
/usr/bin/cmake -E cmake_progress_report /home/gpeiffert/Desktop/CGoGN-master/build/CMakeFiles/CMakeTmp/CMakeFiles 1
Building CXX object CMakeFiles/cmTryCompileExec3333367542.dir/CheckSymbolExists.cxx.o
/usr/bin/c++    -I/usr/include/qt4    -o CMakeFiles/cmTryCompileExec3333367542.dir/CheckSymbolExists.cxx.o -c /home/gpeiffert/Desktop/CGoGN-master/build/CMakeFiles/CMakeTmp/CheckSymbolExists.cxx
/home/gpeiffert/Desktop/CGoGN-master/build/CMakeFiles/CMakeTmp/CheckSymbolExists.cxx: In function ‘int main(int, char**)’:
/home/gpeiffert/Desktop/CGoGN-master/build/CMakeFiles/CMakeTmp/CheckSymbolExists.cxx:8:19: error: ‘Q_WS_WIN’ was not declared in this scope
   return ((int*)(&Q_WS_WIN))[argc];
                   ^
make[1]: Leaving directory `/home/gpeiffert/Desktop/CGoGN-master/build/CMakeFiles/CMakeTmp'
make[1]: *** [CMakeFiles/cmTryCompileExec3333367542.dir/CheckSymbolExists.cxx.o] Error 1
make: *** [cmTryCompileExec3333367542/fast] Error 2

File /home/gpeiffert/Desktop/CGoGN-master/build/CMakeFiles/CMakeTmp/CheckSymbolExists.cxx:
/* */
#include <QtCore/qglobal.h>

int main(int argc, char** argv)
{
  (void)argv;
#ifndef Q_WS_WIN
  return ((int*)(&Q_WS_WIN))[argc];
#else
  (void)argc;
  return 0;
#endif
}

Determining if the Q_WS_QWS exist failed with the following output:
Change Dir: /home/gpeiffert/Desktop/CGoGN-master/build/CMakeFiles/CMakeTmp

Run Build Command:/usr/bin/make "cmTryCompileExec470032283/fast"
/usr/bin/make -f CMakeFiles/cmTryCompileExec470032283.dir/build.make CMakeFiles/cmTryCompileExec470032283.dir/build
make[1]: Entering directory `/home/gpeiffert/Desktop/CGoGN-master/build/CMakeFiles/CMakeTmp'
/usr/bin/cmake -E cmake_progress_report /home/gpeiffert/Desktop/CGoGN-master/build/CMakeFiles/CMakeTmp/CMakeFiles 1
Building CXX object CMakeFiles/cmTryCompileExec470032283.dir/CheckSymbolExists.cxx.o
/usr/bin/c++    -I/usr/include/qt4    -o CMakeFiles/cmTryCompileExec470032283.dir/CheckSymbolExists.cxx.o -c /home/gpeiffert/Desktop/CGoGN-master/build/CMakeFiles/CMakeTmp/CheckSymbolExists.cxx
/home/gpeiffert/Desktop/CGoGN-master/build/CMakeFiles/CMakeTmp/CheckSymbolExists.cxx: In function ‘int main(int, char**)’:
/home/gpeiffert/Desktop/CGoGN-master/build/CMakeFiles/CMakeTmp/CheckSymbolExists.cxx:8:19: error: ‘Q_WS_QWS’ was not declared in this scope
   return ((int*)(&Q_WS_QWS))[argc];
                   ^
make[1]: Leaving directory `/home/gpeiffert/Desktop/CGoGN-master/build/CMakeFiles/CMakeTmp'
make[1]: *** [CMakeFiles/cmTryCompileExec470032283.dir/CheckSymbolExists.cxx.o] Error 1
make: *** [cmTryCompileExec470032283/fast] Error 2

File /home/gpeiffert/Desktop/CGoGN-master/build/CMakeFiles/CMakeTmp/CheckSymbolExists.cxx:
/* */
#include <QtCore/qglobal.h>

int main(int argc, char** argv)
{
  (void)argv;
#ifndef Q_WS_QWS
  return ((int*)(&Q_WS_QWS))[argc];
#else
  (void)argc;
  return 0;
#endif
}

Determining if the Q_WS_MAC exist failed with the following output:
Change Dir: /home/gpeiffert/Desktop/CGoGN-master/build/CMakeFiles/CMakeTmp

Run Build Command:/usr/bin/make "cmTryCompileExec1533664313/fast"
/usr/bin/make -f CMakeFiles/cmTryCompileExec1533664313.dir/build.make CMakeFiles/cmTryCompileExec1533664313.dir/build
make[1]: Entering directory `/home/gpeiffert/Desktop/CGoGN-master/build/CMakeFiles/CMakeTmp'
/usr/bin/cmake -E cmake_progress_report /home/gpeiffert/Desktop/CGoGN-master/build/CMakeFiles/CMakeTmp/CMakeFiles 1
Building CXX object CMakeFiles/cmTryCompileExec1533664313.dir/CheckSymbolExists.cxx.o
/usr/bin/c++    -I/usr/include/qt4    -o CMakeFiles/cmTryCompileExec1533664313.dir/CheckSymbolExists.cxx.o -c /home/gpeiffert/Desktop/CGoGN-master/build/CMakeFiles/CMakeTmp/CheckSymbolExists.cxx
/home/gpeiffert/Desktop/CGoGN-master/build/CMakeFiles/CMakeTmp/CheckSymbolExists.cxx: In function ‘int main(int, char**)’:
/home/gpeiffert/Desktop/CGoGN-master/build/CMakeFiles/CMakeTmp/CheckSymbolExists.cxx:8:19: error: ‘Q_WS_MAC’ was not declared in this scope
   return ((int*)(&Q_WS_MAC))[argc];
                   ^
make[1]: Leaving directory `/home/gpeiffert/Desktop/CGoGN-master/build/CMakeFiles/CMakeTmp'
make[1]: *** [CMakeFiles/cmTryCompileExec1533664313.dir/CheckSymbolExists.cxx.o] Error 1
make: *** [cmTryCompileExec1533664313/fast] Error 2

File /home/gpeiffert/Desktop/CGoGN-master/build/CMakeFiles/CMakeTmp/CheckSymbolExists.cxx:
/* */
#include <QtCore/qglobal.h>

int main(int argc, char** argv)
{
  (void)argv;
#ifndef Q_WS_MAC
  return ((int*)(&Q_WS_MAC))[argc];
#else
  (void)argc;
  return 0;
#endif
}

